0 info it worked if it ends with ok
1 verbose cli [ 'node', '/usr/local/bin/npm', 'install' ]
2 info using npm@1.4.28
3 info using node@v0.10.33
4 verbose readDependencies using package.json deps
5 verbose install where, deps [ '/Users/twer/sourcecode/touchdevops',
5 verbose install   [ 'hexo-renderer-ejs',
5 verbose install     'hexo-renderer-jade',
5 verbose install     'hexo-renderer-marked',
5 verbose install     'hexo-renderer-stylus' ] ]
6 info preinstall hexo-site@2.8.3
7 verbose readDependencies using package.json deps
8 verbose cache add [ 'hexo-renderer-jade@^0.1.0', null ]
9 verbose cache add name=undefined spec="hexo-renderer-jade@^0.1.0" args=["hexo-renderer-jade@^0.1.0",null]
10 verbose parsed url { protocol: null,
10 verbose parsed url   slashes: null,
10 verbose parsed url   auth: null,
10 verbose parsed url   host: null,
10 verbose parsed url   port: null,
10 verbose parsed url   hostname: null,
10 verbose parsed url   hash: null,
10 verbose parsed url   search: null,
10 verbose parsed url   query: null,
10 verbose parsed url   pathname: 'hexo-renderer-jade@^0.1.0',
10 verbose parsed url   path: 'hexo-renderer-jade@^0.1.0',
10 verbose parsed url   href: 'hexo-renderer-jade@^0.1.0' }
11 verbose already installed skipping hexo-renderer-marked@* /Users/twer/sourcecode/touchdevops
12 verbose cache add name="hexo-renderer-jade" spec="^0.1.0" args=["hexo-renderer-jade","^0.1.0"]
13 verbose parsed url { protocol: null,
13 verbose parsed url   slashes: null,
13 verbose parsed url   auth: null,
13 verbose parsed url   host: null,
13 verbose parsed url   port: null,
13 verbose parsed url   hostname: null,
13 verbose parsed url   hash: null,
13 verbose parsed url   search: null,
13 verbose parsed url   query: null,
13 verbose parsed url   pathname: '^0.1.0',
13 verbose parsed url   path: '^0.1.0',
13 verbose parsed url   href: '^0.1.0' }
14 verbose addNamed [ 'hexo-renderer-jade', '^0.1.0' ]
15 verbose addNamed [ null, '>=0.1.0-0 <0.2.0-0' ]
16 verbose already installed skipping hexo-renderer-stylus@^0.1.0 /Users/twer/sourcecode/touchdevops
17 silly lockFile 1c0b315f-hexo-renderer-jade-0-1-0 hexo-renderer-jade@^0.1.0
18 verbose lock hexo-renderer-jade@^0.1.0 /Users/twer/.npm/1c0b315f-hexo-renderer-jade-0-1-0.lock
19 verbose already installed skipping hexo-renderer-ejs@* /Users/twer/sourcecode/touchdevops
20 silly lockFile 1c0b315f-hexo-renderer-jade-0-1-0 hexo-renderer-jade@^0.1.0
21 error Error: Attempt to unlock hexo-renderer-jade@^0.1.0, which hasn't been locked
21 error     at unlock (/usr/local/lib/node_modules/npm/lib/utils/locker.js:44:11)
21 error     at cb (/usr/local/lib/node_modules/npm/lib/cache/add-named.js:32:5)
21 error     at /usr/local/lib/node_modules/npm/lib/cache/add-named.js:41:20
21 error     at /usr/local/lib/node_modules/npm/lib/utils/locker.js:30:7
21 error     at cb (/usr/local/lib/node_modules/npm/node_modules/lockfile/lockfile.js:149:38)
21 error     at /usr/local/lib/node_modules/npm/node_modules/lockfile/lockfile.js:177:38
21 error     at Object.oncomplete (fs.js:107:15)
22 error If you need help, you may report this *entire* log,
22 error including the npm and node versions, at:
22 error     <http://github.com/npm/npm/issues>
23 error System Darwin 14.0.0
24 error command "node" "/usr/local/bin/npm" "install"
25 error cwd /Users/twer/sourcecode/touchdevops
26 error node -v v0.10.33
27 error npm -v 1.4.28
28 verbose exit [ 1, true ]
